<?xml version="1.0" encoding="UTF-8"?>
<!-- Generated by org.testng.reporters.JUnitReportReporter -->
<testsuite hostname="DESKTOP-INV3BC8" failures="0" tests="1" name="PractiseRestAssured.Chianinggetuser" time="6.316" errors="0" timestamp="2024-06-10T15:54:29 IST" skipped="0">
  <testcase classname="PractiseRestAssured.Chianinggetuser" name="testgetuser" time="6.316"/>
</testsuite> <!-- PractiseRestAssured.Chianinggetuser -->
