<?xml version="1.0" encoding="UTF-8"?>
<!-- Generated by org.testng.reporters.JUnitReportReporter -->
<testsuite hostname="DESKTOP-INV3BC8" failures="0" tests="1" name="PractiseRestAssured.Testheader" time="2.230" errors="0" timestamp="2024-05-29T19:19:43 IST" skipped="0">
  <testcase classname="PractiseRestAssured.Testheader" name="testheaders" time="2.230"/>
</testsuite> <!-- PractiseRestAssured.Testheader -->
