<?xml version="1.0" encoding="UTF-8"?>
<!-- Generated by org.testng.reporters.JUnitReportReporter -->
<testsuite hostname="DESKTOP-INV3BC8" failures="0" tests="1" name="PractiseRestAssured.Cookies" time="2.504" errors="0" timestamp="2024-05-29T18:35:06 IST" skipped="0">
  <testcase classname="PractiseRestAssured.Cookies" name="testcookies" time="2.504"/>
</testsuite> <!-- PractiseRestAssured.Cookies -->
