<?xml version="1.0" encoding="UTF-8"?>
<!-- Generated by org.testng.reporters.JUnitReportReporter -->
<testsuite hostname="DESKTOP-INV3BC8" failures="0" tests="1" name="Chaininguser.Deleteruser" time="1.018" errors="0" timestamp="2024-06-11T11:35:52 IST" skipped="0">
  <testcase classname="Chaininguser.Deleteruser" name="Deleteuser" time="1.018"/>
</testsuite> <!-- Chaininguser.Deleteruser -->
