<?xml version="1.0" encoding="UTF-8"?>
<!-- Generated by org.testng.reporters.JUnitReportReporter -->
<testsuite hostname="DESKTOP-INV3BC8" failures="0" tests="2" name="PractiseRestAssured.ParsingJSONResponsedata" time="2.002" errors="0" timestamp="2024-06-03T13:59:10 IST" skipped="0">
  <testcase classname="PractiseRestAssured.ParsingJSONResponsedata" name="testparsingjson" time="1.954"/>
  <testcase classname="PractiseRestAssured.ParsingJSONResponsedata" name="testParsing" time="0.048"/>
</testsuite> <!-- PractiseRestAssured.ParsingJSONResponsedata -->
