<?xml version="1.0" encoding="UTF-8"?>
<!-- Generated by org.testng.reporters.JUnitReportReporter -->
<testsuite hostname="DESKTOP-INV3BC8" failures="0" tests="3" name="PractiseRestAssured.HTTPRequests" time="3.456" errors="0" timestamp="2024-05-28T15:55:14 IST" skipped="0">
  <testcase classname="PractiseRestAssured.HTTPRequests" name="getUser" time="2.341"/>
  <testcase classname="PractiseRestAssured.HTTPRequests" name="createUser" time="0.723"/>
  <testcase classname="PractiseRestAssured.HTTPRequests" name="Updateuser" time="0.392"/>
</testsuite> <!-- PractiseRestAssured.HTTPRequests -->
