<?xml version="1.0" encoding="UTF-8"?>
<!-- Generated by org.testng.reporters.JUnitReportReporter -->
<testsuite hostname="DESKTOP-INV3BC8" failures="0" tests="2" name="PractiseRestAssured.Usingpojo" time="2.830" errors="0" timestamp="2024-05-29T11:08:02 IST" skipped="0">
  <testcase classname="PractiseRestAssured.Usingpojo" name="pojomethod" time="2.794"/>
  <testcase classname="PractiseRestAssured.Usingpojo" name="delete" time="0.036"/>
</testsuite> <!-- PractiseRestAssured.Usingpojo -->
