<?xml version="1.0" encoding="UTF-8"?>
<!-- Generated by org.testng.reporters.JUnitReportReporter -->
<testsuite hostname="DESKTOP-INV3BC8" failures="0" tests="1" name="PractiseRestAssured.Headers" time="2.032" errors="0" timestamp="2024-05-29T18:46:27 IST" skipped="0">
  <testcase classname="PractiseRestAssured.Headers" name="testheaders" time="2.032"/>
</testsuite> <!-- PractiseRestAssured.Headers -->
