<?xml version="1.0" encoding="UTF-8"?>
<!-- Generated by org.testng.reporters.JUnitReportReporter -->
<testsuite hostname="DESKTOP-INV3BC8" failures="0" tests="1" name="PractiseRestAssured.Chainingcreateuser" time="4.612" errors="0" timestamp="2024-06-10T15:52:42 IST" skipped="0">
  <testcase classname="PractiseRestAssured.Chainingcreateuser" name="testcreateuser" time="4.612"/>
</testsuite> <!-- PractiseRestAssured.Chainingcreateuser -->
