<?xml version="1.0" encoding="UTF-8"?>
<!-- Generated by org.testng.reporters.JUnitReportReporter -->
<testsuite hostname="DESKTOP-INV3BC8" failures="0" tests="2" name="PractiseRestAssured.Hashmapmethod" time="2.410" errors="0" timestamp="2024-05-29T09:27:49 IST" skipped="0">
  <testcase classname="PractiseRestAssured.Hashmapmethod" name="testhashmap" time="2.384"/>
  <testcase classname="PractiseRestAssured.Hashmapmethod" name="delete" time="0.026"/>
</testsuite> <!-- PractiseRestAssured.Hashmapmethod -->
