<?xml version="1.0" encoding="UTF-8"?>
<!-- Generated by org.testng.reporters.JUnitReportReporter -->
<testsuite hostname="DESKTOP-INV3BC8" failures="0" tests="3" name="PractiseRestAssured.Authentication" time="5.753" errors="0" timestamp="2024-06-10T14:36:09 IST" skipped="0">
  <testcase classname="PractiseRestAssured.Authentication" name="BasicAuthentication" time="2.498"/>
  <testcase classname="PractiseRestAssured.Authentication" name="DigestAuthentication" time="2.696"/>
  <testcase classname="PractiseRestAssured.Authentication" name="preemptiveAuthentication" time="0.559"/>
</testsuite> <!-- PractiseRestAssured.Authentication -->
