<?xml version="1.0" encoding="UTF-8"?>
<!-- Generated by org.testng.reporters.JUnitReportReporter -->
<testsuite hostname="DESKTOP-INV3BC8" failures="0" tests="2" name="PractiseRestAssured.Exrenaljsonfile" time="1.972" errors="0" timestamp="2024-05-29T17:34:38 IST" skipped="0">
  <testcase classname="PractiseRestAssured.Exrenaljsonfile" name="jsonfilemethod" time="1.945"/>
  <testcase classname="PractiseRestAssured.Exrenaljsonfile" name="delete" time="0.027"/>
</testsuite> <!-- PractiseRestAssured.Exrenaljsonfile -->
