<?xml version="1.0" encoding="UTF-8"?>
<!-- Generated by org.testng.reporters.JUnitReportReporter -->
<testsuite hostname="DESKTOP-INV3BC8" failures="0" tests="1" name="PractiseRestAssured.JSONXMLSchemaValidations" time="1.488" errors="0" timestamp="2024-06-06T14:03:53 IST" skipped="0">
  <testcase classname="PractiseRestAssured.JSONXMLSchemaValidations" name="jsonschemavaldations" time="1.488"/>
</testsuite> <!-- PractiseRestAssured.JSONXMLSchemaValidations -->
