<?xml version="1.0" encoding="UTF-8"?>
<!-- Generated by org.testng.reporters.JUnitReportReporter -->
<testsuite hostname="DESKTOP-INV3BC8" failures="0" tests="2" name="PractiseRestAssured.Header" time="3.206" errors="0" timestamp="2024-05-26T16:56:46 IST" skipped="0">
  <testcase classname="PractiseRestAssured.Header" name="HTTPRequests" time="2.384"/>
  <testcase classname="PractiseRestAssured.Header" name="createUser" time="0.822"/>
</testsuite> <!-- PractiseRestAssured.Header -->
