<?xml version="1.0" encoding="UTF-8"?>
<!-- Generated by org.testng.reporters.JUnitReportReporter -->
<testsuite hostname="DESKTOP-INV3BC8" failures="0" tests="1" name="PractiseRestAssured.PathQueryparameters" time="1.671" errors="0" timestamp="2024-05-29T17:36:26 IST" skipped="0">
  <testcase classname="PractiseRestAssured.PathQueryparameters" name="testpathquery" time="1.671"/>
</testsuite> <!-- PractiseRestAssured.PathQueryparameters -->
