<?xml version="1.0" encoding="UTF-8"?>
<!-- Generated by org.testng.reporters.JUnitReportReporter -->
<testsuite hostname="DESKTOP-INV3BC8" failures="0" tests="2" name="PractiseRestAssured.orgjson" time="2.764" errors="0" timestamp="2024-05-29T10:38:53 IST" skipped="0">
  <testcase classname="PractiseRestAssured.orgjson" name="jsonmethod" time="2.721"/>
  <testcase classname="PractiseRestAssured.orgjson" name="delete" time="0.043"/>
</testsuite> <!-- PractiseRestAssured.orgjson -->
