<?xml version="1.0" encoding="UTF-8"?>
<!-- Generated by org.testng.reporters.JUnitReportReporter -->
<testsuite hostname="DESKTOP-INV3BC8" failures="0" tests="1" name="PractiseRestAssured.Chainingcreateuser1" time="8.666" errors="0" timestamp="2024-06-10T16:17:03 IST" skipped="0">
  <testcase classname="PractiseRestAssured.Chainingcreateuser1" name="createuser" time="8.666"/>
</testsuite> <!-- PractiseRestAssured.Chainingcreateuser1 -->
