<?xml version="1.0" encoding="UTF-8"?>
<!-- Generated by org.testng.reporters.JUnitReportReporter -->
<testsuite hostname="DESKTOP-INV3BC8" failures="0" tests="2" name="PractiseRestAssured.ParsingJSONResponsedata1" time="2.080" errors="0" timestamp="2024-06-03T15:30:00 IST" skipped="0">
  <testcase classname="PractiseRestAssured.ParsingJSONResponsedata1" name="testparsingjson" time="2.033"/>
  <testcase classname="PractiseRestAssured.ParsingJSONResponsedata1" name="testvalidation" time="0.047"/>
</testsuite> <!-- PractiseRestAssured.ParsingJSONResponsedata1 -->
