<?xml version="1.0" encoding="UTF-8"?>
<!-- Generated by org.testng.reporters.JUnitReportReporter -->
<testsuite hostname="DESKTOP-INV3BC8" failures="0" tests="1" name="PractiseRestAssured.FakerDataGenerator" time="0.275" errors="0" timestamp="2024-06-08T19:15:38 IST" skipped="0">
  <testcase classname="PractiseRestAssured.FakerDataGenerator" name="testgenerateDummydata" time="0.275"/>
</testsuite> <!-- PractiseRestAssured.FakerDataGenerator -->
