<?xml version="1.0" encoding="UTF-8"?>
<!-- Generated by org.testng.reporters.JUnitReportReporter -->
<testsuite hostname="DESKTOP-INV3BC8" failures="0" tests="1" name="PractiseRestAssured.ParsingXMLResponse" time="2.112" errors="0" timestamp="2024-06-03T15:17:12 IST" skipped="0">
  <testcase classname="PractiseRestAssured.ParsingXMLResponse" name="testparsingjson" time="2.112"/>
</testsuite> <!-- PractiseRestAssured.ParsingXMLResponse -->
