<?xml version="1.0" encoding="UTF-8"?>
<!-- Generated by org.testng.reporters.JUnitReportReporter -->
<testsuite hostname="DESKTOP-INV3BC8" failures="0" tests="1" name="PractiseRestAssured.XMLResponse" time="3.924" errors="0" timestamp="2024-06-03T17:26:28 IST" skipped="0">
  <testcase classname="PractiseRestAssured.XMLResponse" name="Responsexml" time="3.924"/>
</testsuite> <!-- PractiseRestAssured.XMLResponse -->
