<?xml version="1.0" encoding="UTF-8"?>
<!-- Generated by org.testng.reporters.JUnitReportReporter -->
<testsuite hostname="DESKTOP-INV3BC8" failures="0" tests="1" name="Chaininguser.Getuser" time="1.449" errors="0" timestamp="2024-06-11T11:35:52 IST" skipped="0">
  <testcase classname="Chaininguser.Getuser" name="testgetuser" time="1.449"/>
</testsuite> <!-- Chaininguser.Getuser -->
