<?xml version="1.0" encoding="UTF-8"?>
<!-- Generated by org.testng.reporters.JUnitReportReporter -->
<testsuite hostname="DESKTOP-INV3BC8" failures="0" tests="1" name="com.facebook.testcases.TC_Logintest_001" time="52.566" errors="0" timestamp="2024-05-17T16:17:05 IST" skipped="0">
  <testcase classname="com.facebook.testcases.TC_Logintest_001" name="logintest" time="52.566"/>
</testsuite> <!-- com.facebook.testcases.TC_Logintest_001 -->
